[02/03/2025 12:55:58] [INF] <1> () [] MarchApi start successfully
[02/03/2025 12:55:58] [INF] <1> () [] Run at environment: Development
[02/03/2025 12:56:16] [INF] <11> (Anonymous) [AuthController] Login userId:admin
[02/03/2025 12:56:17] [INF] <11> (Anonymous) [TokenService] GenerateToken for user admin
[02/03/2025 12:56:17] [INF] <11> (Anonymous) [AuthController] Login return: Code:00, Message:Thành công, Details:null
[02/03/2025 12:56:17] [INF] <11> (Anonymous) [AuthController] Login payload: UserId:admin, UserName:admin name, Role:Admin
[02/03/2025 12:56:26] [INF] <10> (Anonymous) [AuthController] Login userId:admin
[02/03/2025 12:56:26] [INF] <10> (Anonymous) [AuthController] Login return: Code:42, Message:Sai tài khoản hoặc mật khẩu, Details:null
[02/03/2025 12:57:02] [INF] <10> (Anonymous) [AuthController] Login userId:admin
[02/03/2025 12:57:02] [INF] <10> (Anonymous) [AuthController] Login return: Code:42, Message:Sai tài khoản hoặc mật khẩu, Details:null
[02/03/2025 12:57:02] [INF] <16> (Anonymous) [AuthController] Login userId:admin
[02/03/2025 12:57:02] [INF] <16> (Anonymous) [AuthController] Login return: Code:42, Message:Sai tài khoản hoặc mật khẩu, Details:null
[02/03/2025 12:57:06] [INF] <16> (Anonymous) [AuthController] Login userId:admin
[02/03/2025 12:57:06] [INF] <16> (Anonymous) [TokenService] GenerateToken for user admin
[02/03/2025 12:57:06] [INF] <16> (Anonymous) [AuthController] Login return: Code:00, Message:Thành công, Details:null
[02/03/2025 12:57:06] [INF] <16> (Anonymous) [AuthController] Login payload: UserId:admin, UserName:admin name, Role:Admin
[02/03/2025 12:57:25] [INF] <16> (admin) [ToDoItemRepository] GetAll search:{}
[02/03/2025 12:57:25] [INF] <16> (admin) [ToDoItemRepository] GetAll return count: 0
[02/03/2025 12:58:12] [INF] <3> (admin) [ToDoItemRepository] Insert input: {"Id":"","Name":"Học lập trình","Rate":3,"Description":"Mô tả học lập trình","IsDone":true,"Priority":2}
[02/03/2025 12:58:12] [INF] <3> (admin) [ToDoItemRepository] Insert return: {"Code":0,"Message":""}
[02/03/2025 12:58:17] [INF] <24> (admin) [ToDoItemRepository] GetAll search:{}
[02/03/2025 12:58:17] [INF] <24> (admin) [ToDoItemRepository] GetAll return count: 1
[02/03/2025 13:05:00] [INF] <1> () [] MarchApi start successfully
[02/03/2025 13:05:00] [INF] <1> () [] Run at environment: Development
[02/03/2025 13:05:22] [INF] <1> () [] MarchApi start successfully
[02/03/2025 13:05:22] [INF] <1> () [] Run at environment: Development
[02/03/2025 13:05:39] [INF] <1> () [] MarchApi start successfully
[02/03/2025 13:05:39] [INF] <1> () [] Run at environment: Development
[02/03/2025 13:06:09] [INF] <11> (Anonymous) [AuthController] Login userId:giang
[02/03/2025 13:06:10] [INF] <11> (Anonymous) [TokenService] GenerateToken for user giang
[02/03/2025 13:06:10] [INF] <11> (Anonymous) [AuthController] Login return: Code:00, Message:Thành công, Details:null
[02/03/2025 13:06:10] [INF] <11> (Anonymous) [AuthController] Login payload: UserId:giang, UserName:giang vu, Role:User
[02/03/2025 13:06:23] [INF] <14> (giang) [ToDoItemRepository] GetAll search:{}
[02/03/2025 13:06:23] [INF] <14> (giang) [ToDoItemRepository] GetAll return count: 1
[02/03/2025 13:06:32] [INF] <14> (giang) [ToDoItemRepository] GetById return: {"Id":"13a46957-c496-4125-a407-b87c3d424974","Name":"Học lập trình","Rate":3,"Description":"Mô tả học lập trình","IsDone":true,"Priority":2,"CreatedTime":"2025-03-02T12:58:12.5461115","CreatedBy":"admin","UpdatedTime":"2025-03-02T12:58:12.5461115","UpdatedBy":"admin"}
[02/03/2025 13:06:38] [INF] <11> (giang) [ToDoItemRepository] GetById return: null
[02/03/2025 13:06:54] [INF] <16> (giang) [ToDoItemRepository] GetById return: {"Id":"13a46957-c496-4125-a407-b87c3d424974","Name":"Học lập trình","Rate":3,"Description":"Mô tả học lập trình","IsDone":true,"Priority":2,"CreatedTime":"2025-03-02T12:58:12.5461115","CreatedBy":"admin","UpdatedTime":"2025-03-02T12:58:12.5461115","UpdatedBy":"admin"}
[02/03/2025 13:09:43] [INF] <1> () [] MarchApi start successfully
[02/03/2025 13:09:43] [INF] <1> () [] Run at environment: Development
[02/03/2025 13:09:46] [INF] <10> (giang) [ToDoItemRepository] GetById return: {"Id":"13a46957-c496-4125-a407-b87c3d424974","Name":"Học lập trình","Rate":3,"Description":"Mô tả học lập trình","IsDone":true,"Priority":2,"CreatedTime":"2025-03-02T12:58:12.5461115","CreatedBy":"admin","UpdatedTime":"2025-03-02T12:58:12.5461115","UpdatedBy":"admin"}
[02/03/2025 13:09:46] [INF] <10> (giang) [ToDoController] GetById response: {"IsSuccess":true,"Code":"00","Message":"Thành công","Payload":{"Id":"13a46957-c496-4125-a407-b87c3d424974","Name":"Học lập trình","Rate":3,"Description":"Mô tả học lập trình","IsDone":true,"Priority":2,"CreatedTime":"2025-03-02T12:58:12.5461115","CreatedBy":"admin","UpdatedTime":"2025-03-02T12:58:12.5461115","UpdatedBy":"admin"}}
[02/03/2025 13:10:57] [INF] <15> (giang) [ToDoItemRepository] Update input: {"Id":"13a46957-c496-4125-a407-b87c3d424974","Name":"Học lập trình v2","Rate":3,"Description":"Mô tả học lập trình","IsDone":true,"Priority":3}
[02/03/2025 13:10:58] [INF] <15> (giang) [ToDoItemRepository] Update return: {"Code":0,"Message":""}
[02/03/2025 13:10:58] [INF] <15> (giang) [ToDoController] Update response: {"IsSuccess":true,"Code":"00","Message":"Thành công"}
[02/03/2025 13:11:02] [INF] <17> (giang) [ToDoItemRepository] GetById return: {"Id":"13a46957-c496-4125-a407-b87c3d424974","Name":"Học lập trình v2","Rate":3,"Description":"Mô tả học lập trình","IsDone":true,"Priority":3,"UpdatedTime":"2025-03-02T13:10:57.9417483","UpdatedBy":"giang"}
[02/03/2025 13:11:02] [INF] <17> (giang) [ToDoController] GetById response: {"IsSuccess":true,"Code":"00","Message":"Thành công","Payload":{"Id":"13a46957-c496-4125-a407-b87c3d424974","Name":"Học lập trình v2","Rate":3,"Description":"Mô tả học lập trình","IsDone":true,"Priority":3,"UpdatedTime":"2025-03-02T13:10:57.9417483","UpdatedBy":"giang"}}
[02/03/2025 13:12:51] [INF] <24> (giang) [ToDoItemRepository] GetById return: {"Id":"13a46957-c496-4125-a407-b87c3d424974","Name":"Học lập trình v2","Rate":3,"Description":"Mô tả học lập trình","IsDone":true,"Priority":3,"CreatedTime":"2025-03-02T13:08:57.9417483","CreatedBy":"admin","UpdatedTime":"2025-03-02T13:10:57.9417483","UpdatedBy":"giang"}
[02/03/2025 13:12:51] [INF] <24> (giang) [ToDoController] GetById response: {"IsSuccess":true,"Code":"00","Message":"Thành công","Payload":{"Id":"13a46957-c496-4125-a407-b87c3d424974","Name":"Học lập trình v2","Rate":3,"Description":"Mô tả học lập trình","IsDone":true,"Priority":3,"CreatedTime":"2025-03-02T13:08:57.9417483","CreatedBy":"admin","UpdatedTime":"2025-03-02T13:10:57.9417483","UpdatedBy":"giang"}}
[02/03/2025 13:22:23] [INF] <1> () [] MarchApi start successfully
[02/03/2025 13:22:23] [INF] <1> () [] Run at environment: Development
[02/03/2025 13:23:07] [INF] <3> (Anonymous) [AuthController] Login userId:admin
[02/03/2025 13:23:08] [INF] <3> (Anonymous) [TokenService] GenerateToken for user admin
[02/03/2025 13:23:08] [INF] <3> (Anonymous) [AuthController] Login return: Code:00, Message:Thành công, Details:null
[02/03/2025 13:23:08] [INF] <3> (Anonymous) [AuthController] Login payload: UserId:admin, UserName:admin name, Role:Admin
[02/03/2025 13:23:21] [INF] <14> (admin) [ToDoItemRepository] GetAll search:{}
[02/03/2025 13:23:21] [INF] <14> (admin) [ToDoItemRepository] GetAll return count: 1
[02/03/2025 13:23:58] [INF] <23> (admin) [ToDoItemRepository] Update input: {"Id":"13a46957-c496-4125-a407-b87c3d424974","Name":"Học lập trình v2","Rate":4,"Description":"Mô tả học lập trình","IsDone":true,"Priority":1}
[02/03/2025 13:23:58] [INF] <23> (admin) [ToDoItemRepository] Update return: {"Code":0,"Message":""}
[02/03/2025 13:23:58] [INF] <23> (admin) [ToDoController] Update response: {"IsSuccess":true,"Code":"00","Message":"Thành công"}
[02/03/2025 13:24:01] [INF] <23> (admin) [ToDoItemRepository] GetAll search:{}
[02/03/2025 13:24:01] [INF] <23> (admin) [ToDoItemRepository] GetAll return count: 1
[02/03/2025 13:39:44] [INF] <1> () [] MarchApi start successfully
[02/03/2025 13:39:44] [INF] <1> () [] Run at environment: Development
[02/03/2025 13:39:50] [INF] <11> (admin) [ToDoItemRepository] GetAll search:{}
[02/03/2025 13:39:51] [INF] <11> (admin) [ToDoItemRepository] GetAll return count: 1
[02/03/2025 13:40:01] [INF] <12> (admin) [ToDoController] Create response: {"IsSuccess":false,"Code":"04","Message":"Tên không được để trống"}
[02/03/2025 13:40:14] [INF] <12> (admin) [ToDoController] Create response: {"IsSuccess":false,"Code":"04","Message":"Tên không được để trống"}
[02/03/2025 13:40:19] [INF] <12> (admin) [ToDoController] Create response: {"IsSuccess":false,"Code":"04","Message":"Độ ưu tiên không được để trống"}
[02/03/2025 13:43:50] [INF] <1> () [] MarchApi start successfully
[02/03/2025 13:43:50] [INF] <1> () [] Run at environment: Development
[02/03/2025 13:43:52] [INF] <11> (admin) [ToDoController] Create input: {"Id":"string","Name":"pppp","Rate":0,"Description":"string","IsDone":true}
[02/03/2025 13:43:52] [INF] <11> (admin) [ToDoController] Create response: {"IsSuccess":false,"Code":"04","Message":"Độ ưu tiên không được để trống"}
[02/03/2025 13:45:12] [INF] <1> () [] MarchApi start successfully
[02/03/2025 13:45:12] [INF] <1> () [] Run at environment: Development
[02/03/2025 13:45:15] [INF] <11> (admin) [ToDoItemRepository] GetAll search:{}
[02/03/2025 13:45:15] [INF] <11> (admin) [ToDoItemRepository] GetAll return count: 1
[02/03/2025 13:45:15] [INF] <11> (admin) [ToDoController] Get response: Code:00, Message:Thành công, Details:null
[02/03/2025 13:49:56] [INF] <1> () [] MarchApi start successfully
[02/03/2025 13:49:56] [INF] <1> () [] Run at environment: Development
[02/03/2025 13:50:10] [INF] <11> (Anonymous) [AuthController] Login userId:user
[02/03/2025 13:50:10] [INF] <11> (Anonymous) [AuthController] Login return: Code:42, Message:Sai tài khoản hoặc mật khẩu, Details:null
[02/03/2025 13:50:18] [INF] <11> (Anonymous) [AuthController] Login userId:giang
[02/03/2025 13:50:18] [INF] <11> (Anonymous) [TokenService] GenerateToken for user giang
[02/03/2025 13:50:18] [INF] <11> (Anonymous) [AuthController] Login return: Code:00, Message:Thành công, Details:null
[02/03/2025 13:50:18] [INF] <11> (Anonymous) [AuthController] Login payload: UserId:giang, UserName:giang vu, Role:User
[02/03/2025 13:50:35] [INF] <11> (giang) [ToDoItemRepository] GetAll search:{}
[02/03/2025 13:50:35] [INF] <11> (giang) [ToDoItemRepository] GetAll return count: 1
[02/03/2025 13:50:35] [INF] <11> (giang) [ToDoController] Get response: Code:00, Message:Thành công, Details:null
[02/03/2025 13:50:44] [INF] <11> (giang) [AuthController] Login userId:admin
[02/03/2025 13:50:44] [INF] <11> (giang) [TokenService] GenerateToken for user admin
[02/03/2025 13:50:44] [INF] <11> (giang) [AuthController] Login return: Code:00, Message:Thành công, Details:null
[02/03/2025 13:50:44] [INF] <11> (giang) [AuthController] Login payload: UserId:admin, UserName:admin name, Role:Admin
[02/03/2025 13:50:44] [INF] <12> (giang) [AuthController] Login userId:admin
[02/03/2025 13:50:44] [INF] <12> (giang) [TokenService] GenerateToken for user admin
[02/03/2025 13:50:44] [INF] <12> (giang) [AuthController] Login return: Code:00, Message:Thành công, Details:null
[02/03/2025 13:50:44] [INF] <12> (giang) [AuthController] Login payload: UserId:admin, UserName:admin name, Role:Admin
[02/03/2025 13:53:57] [INF] <1> () [] MarchApi start successfully
[02/03/2025 13:53:57] [INF] <1> () [] Run at environment: Development
[02/03/2025 13:54:06] [INF] <11> (admin) [AuthController] Login userId:giang
[02/03/2025 13:54:07] [INF] <11> (admin) [TokenService] GenerateToken for user giang
[02/03/2025 13:54:07] [INF] <11> (admin) [AuthController] Login return: Code:00, Message:Thành công, Details:null
[02/03/2025 13:54:07] [INF] <11> (admin) [AuthController] Login payload: UserId:giang, UserName:giang vu, Role:User
[02/03/2025 13:54:11] [INF] <8> (admin) [ToDoItemRepository] GetAll search:{}
[02/03/2025 13:54:11] [INF] <8> (admin) [ToDoItemRepository] GetAll return count: 1
[02/03/2025 13:54:11] [INF] <8> (admin) [ToDoController] Get response: Code:00, Message:Thành công, Details:null
[02/03/2025 13:54:17] [ERR] <8> () [] Unauthorized request to /Admin
[02/03/2025 13:56:35] [INF] <1> () [] MarchApi start successfully
[02/03/2025 13:56:35] [INF] <1> () [] Run at environment: Development
[02/03/2025 14:02:04] [INF] <1> () [] MarchApi start successfully
[02/03/2025 14:02:04] [INF] <1> () [] Run at environment: Development
[02/03/2025 14:02:59] [INF] <1> () [] MarchApi start successfully
[02/03/2025 14:02:59] [INF] <1> () [] Run at environment: Development
[02/03/2025 14:02:59] [ERR] <8> () [] Forbidden request to /Admin by userId giang
[02/03/2025 14:03:48] [ERR] <13> () [] Unauthorized request to /Admin
[02/03/2025 14:03:48] [ERR] <13> () [] Unauthorized request: /Admin
[02/03/2025 14:04:31] [INF] <1> () [] MarchApi start successfully
[02/03/2025 14:04:31] [INF] <1> () [] Run at environment: Development
[02/03/2025 14:04:32] [ERR] <8> () [] Unauthorized request to /Admin
[02/03/2025 14:05:02] [ERR] <11> () [] Unauthorized request to /ToDo
[02/03/2025 14:06:12] [INF] <1> () [] MarchApi start successfully
[02/03/2025 14:06:12] [INF] <1> () [] Run at environment: Development
[02/03/2025 14:07:45] [INF] <1> () [] MarchApi start successfully
[02/03/2025 14:07:45] [INF] <1> () [] Run at environment: Development
[02/03/2025 14:09:25] [INF] <1> () [] MarchApi start successfully
[02/03/2025 14:09:25] [INF] <1> () [] Run at environment: Development
[02/03/2025 14:09:28] [WRN] <11> () [] Unauthorized request to /Admin
[02/03/2025 17:58:41] [INF] <1> () [] MarchApi start successfully
[02/03/2025 17:58:41] [INF] <1> () [] Run at environment: Development
